<?xml version="1.0" encoding="UTF-8"?>
<!-- Generated by org.testng.reporters.JUnitReportReporter -->
<testsuite hostname="ncherkasov" name="selenium_cherkasov.test.JsTest" tests="1" failures="0" timestamp="11 Sep 2015 14:56:20 GMT" time="12.310" errors="0">
  <testcase name="getFindMeField" time="12.310" classname="selenium_cherkasov.test.JsTest"/>
</testsuite> <!-- selenium_cherkasov.test.JsTest -->
