<?xml version="1.0" encoding="UTF-8"?>
<!-- Generated by org.testng.reporters.JUnitReportReporter -->
<testsuite hostname="ncherkasov" name="selenium_cherkasov.test.RegistrationTest" tests="3" failures="0" timestamp="11 Sep 2015 14:58:20 GMT" time="15.957" errors="0">
  <testcase name="registerNewUserAndVerifyThatItIsLoggedIn" time="1.539" classname="selenium_cherkasov.test.RegistrationTest"/>
  <testcase name="registerAsRegularUserVerifyThatUserCanSeeApplicationsButCannotUploadThem" time="12.173" classname="selenium_cherkasov.test.RegistrationTest"/>
  <testcase name="registerNewUserLogoutAndVerifyThatUserCanLogin" time="2.245" classname="selenium_cherkasov.test.RegistrationTest"/>
</testsuite> <!-- selenium_cherkasov.test.RegistrationTest -->
