<?xml version="1.0" encoding="UTF-8"?>
<!-- Generated by org.testng.reporters.JUnitReportReporter -->
<testsuite hostname="ncherkasov" name="selenium_cherkasov.test.AjaxTest" tests="2" failures="0" timestamp="11 Sep 2015 14:44:01 GMT" time="20.311" errors="0">
  <testcase name="ajaxInvalidNumbersSumChecking" time="5.744" classname="selenium_cherkasov.test.AjaxTest"/>
  <testcase name="ajaxValidNumbersSumChecking" time="14.567" classname="selenium_cherkasov.test.AjaxTest"/>
</testsuite> <!-- selenium_cherkasov.test.AjaxTest -->
