<?xml version="1.0" encoding="UTF-8"?>
<!-- Generated by org.testng.reporters.JUnitReportReporter -->
<testsuite hostname="ncherkasov" name="selenium_cherkasov.test.LoginTest" tests="1" failures="0" timestamp="11 Sep 2015 14:53:24 GMT" time="11.772" errors="0">
  <testcase name="loginAsAValidUser" time="11.772" classname="selenium_cherkasov.test.LoginTest"/>
</testsuite> <!-- selenium_cherkasov.test.LoginTest -->
